This file contains any messages produced by compilers while
running configure, to aid debugging if configure makes a mistake.

It was created by wdfs configure 1.4.2, which was
generated by GNU Autoconf 2.61.  Invocation command line was

  $ ./configure 

## --------- ##
## Platform. ##
## --------- ##

hostname = Bror
uname -m = x86_64
uname -r = 5.11.0-17-generic
uname -s = Linux
uname -v = #18-Ubuntu SMP Thu May 6 20:10:11 UTC 2021

/usr/bin/uname -p = x86_64
/bin/uname -X     = unknown

/bin/arch              = x86_64
/usr/bin/arch -k       = unknown
/usr/convex/getsysinfo = unknown
/usr/bin/hostinfo      = unknown
/bin/machine           = unknown
/usr/bin/oslevel       = unknown
/bin/universe          = unknown

PATH: /usr/local/sbin
PATH: /usr/local/bin
PATH: /usr/sbin
PATH: /usr/bin
PATH: /sbin
PATH: /bin
PATH: /snap/bin


## ----------- ##
## Core tests. ##
## ----------- ##

configure:1779: checking for a BSD-compatible install
configure:1835: result: /usr/bin/install -c
configure:1846: checking whether build environment is sane
configure:1889: result: yes
configure:1954: checking for gawk
configure:1984: result: no
configure:1954: checking for mawk
configure:1970: found /usr/bin/mawk
configure:1981: result: mawk
configure:1992: checking whether make sets $(MAKE)
configure:2013: result: yes
configure:2212: checking for style of include used by make
configure:2240: result: GNU
configure:2313: checking for gcc
configure:2329: found /usr/bin/gcc
configure:2340: result: gcc
configure:2578: checking for C compiler version
configure:2585: gcc --version >&5
gcc (Ubuntu 10.3.0-1ubuntu1) 10.3.0
Copyright (C) 2020 Free Software Foundation, Inc.
This is free software; see the source for copying conditions.  There is NO
warranty; not even for MERCHANTABILITY or FITNESS FOR A PARTICULAR PURPOSE.

configure:2588: $? = 0
configure:2595: gcc -v >&5
Using built-in specs.
COLLECT_GCC=gcc
COLLECT_LTO_WRAPPER=/usr/lib/gcc/x86_64-linux-gnu/10/lto-wrapper
OFFLOAD_TARGET_NAMES=nvptx-none:amdgcn-amdhsa:hsa
OFFLOAD_TARGET_DEFAULT=1
Target: x86_64-linux-gnu
Configured with: ../src/configure -v --with-pkgversion='Ubuntu 10.3.0-1ubuntu1' --with-bugurl=file:///usr/share/doc/gcc-10/README.Bugs --enable-languages=c,ada,c++,go,brig,d,fortran,objc,obj-c++,m2 --prefix=/usr --with-gcc-major-version-only --program-suffix=-10 --program-prefix=x86_64-linux-gnu- --enable-shared --enable-linker-build-id --libexecdir=/usr/lib --without-included-gettext --enable-threads=posix --libdir=/usr/lib --enable-nls --enable-bootstrap --enable-clocale=gnu --enable-libstdcxx-debug --enable-libstdcxx-time=yes --with-default-libstdcxx-abi=new --enable-gnu-unique-object --disable-vtable-verify --enable-plugin --enable-default-pie --with-system-zlib --enable-libphobos-checking=release --with-target-system-zlib=auto --enable-objc-gc=auto --enable-multiarch --disable-werror --with-arch-32=i686 --with-abi=m64 --with-multilib-list=m32,m64,mx32 --enable-multilib --with-tune=generic --enable-offload-targets=nvptx-none=/build/gcc-10-gDeRY6/gcc-10-10.3.0/debian/tmp-nvptx/usr,amdgcn-amdhsa=/build/gcc-10-gDeRY6/gcc-10-10.3.0/debian/tmp-gcn/usr,hsa --without-cuda-driver --enable-checking=release --build=x86_64-linux-gnu --host=x86_64-linux-gnu --target=x86_64-linux-gnu --with-build-config=bootstrap-lto-lean --enable-link-mutex
Thread model: posix
Supported LTO compression algorithms: zlib zstd
gcc version 10.3.0 (Ubuntu 10.3.0-1ubuntu1) 
configure:2598: $? = 0
configure:2605: gcc -V >&5
gcc: error: unrecognized command-line option '-V'
gcc: fatal error: no input files
compilation terminated.
configure:2608: $? = 1
configure:2631: checking for C compiler default output file name
configure:2658: gcc    conftest.c  >&5
configure:2661: $? = 0
configure:2699: result: a.out
configure:2716: checking whether the C compiler works
configure:2726: ./a.out
configure:2729: $? = 0
configure:2746: result: yes
configure:2753: checking whether we are cross compiling
configure:2755: result: no
configure:2758: checking for suffix of executables
configure:2765: gcc -o conftest    conftest.c  >&5
configure:2768: $? = 0
configure:2792: result: 
configure:2798: checking for suffix of object files
configure:2824: gcc -c   conftest.c >&5
configure:2827: $? = 0
configure:2850: result: o
configure:2854: checking whether we are using the GNU C compiler
configure:2883: gcc -c   conftest.c >&5
configure:2889: $? = 0
configure:2906: result: yes
configure:2911: checking whether gcc accepts -g
configure:2941: gcc -c -g  conftest.c >&5
configure:2947: $? = 0
configure:3046: result: yes
configure:3063: checking for gcc option to accept ISO C89
configure:3137: gcc  -c -g -O2  conftest.c >&5
configure:3143: $? = 0
configure:3166: result: none needed
configure:3186: checking dependency style of gcc
configure:3276: result: gcc3
configure:3299: checking how to run the C preprocessor
configure:3339: gcc -E  conftest.c
configure:3345: $? = 0
configure:3376: gcc -E  conftest.c
conftest.c:10:10: fatal error: ac_nonexistent.h: No such file or directory
   10 | #include <ac_nonexistent.h>
      |          ^~~~~~~~~~~~~~~~~~
compilation terminated.
configure:3382: $? = 1
configure: failed program was:
| /* confdefs.h.  */
| #define PACKAGE_NAME "wdfs"
| #define PACKAGE_TARNAME "wdfs"
| #define PACKAGE_VERSION "1.4.2"
| #define PACKAGE_STRING "wdfs 1.4.2"
| #define PACKAGE_BUGREPORT "noedler@web.de"
| #define PACKAGE "wdfs"
| #define VERSION "1.4.2"
| /* end confdefs.h.  */
| #include <ac_nonexistent.h>
configure:3415: result: gcc -E
configure:3444: gcc -E  conftest.c
configure:3450: $? = 0
configure:3481: gcc -E  conftest.c
conftest.c:10:10: fatal error: ac_nonexistent.h: No such file or directory
   10 | #include <ac_nonexistent.h>
      |          ^~~~~~~~~~~~~~~~~~
compilation terminated.
configure:3487: $? = 1
configure: failed program was:
| /* confdefs.h.  */
| #define PACKAGE_NAME "wdfs"
| #define PACKAGE_TARNAME "wdfs"
| #define PACKAGE_VERSION "1.4.2"
| #define PACKAGE_STRING "wdfs 1.4.2"
| #define PACKAGE_BUGREPORT "noedler@web.de"
| #define PACKAGE "wdfs"
| #define VERSION "1.4.2"
| /* end confdefs.h.  */
| #include <ac_nonexistent.h>
configure:3525: checking for grep that handles long lines and -e
configure:3599: result: /usr/bin/grep
configure:3604: checking for egrep
configure:3682: result: /usr/bin/grep -E
configure:3687: checking for ANSI C header files
configure:3717: gcc -c -g -O2  conftest.c >&5
configure:3723: $? = 0
configure:3822: gcc -o conftest -g -O2   conftest.c  >&5
configure:3825: $? = 0
configure:3831: ./conftest
configure:3834: $? = 0
configure:3851: result: yes
configure:3875: checking for sys/types.h
configure:3896: gcc -c -g -O2  conftest.c >&5
configure:3902: $? = 0
configure:3918: result: yes
configure:3875: checking for sys/stat.h
configure:3896: gcc -c -g -O2  conftest.c >&5
configure:3902: $? = 0
configure:3918: result: yes
configure:3875: checking for stdlib.h
configure:3896: gcc -c -g -O2  conftest.c >&5
configure:3902: $? = 0
configure:3918: result: yes
configure:3875: checking for string.h
configure:3896: gcc -c -g -O2  conftest.c >&5
configure:3902: $? = 0
configure:3918: result: yes
configure:3875: checking for memory.h
configure:3896: gcc -c -g -O2  conftest.c >&5
configure:3902: $? = 0
configure:3918: result: yes
configure:3875: checking for strings.h
configure:3896: gcc -c -g -O2  conftest.c >&5
configure:3902: $? = 0
configure:3918: result: yes
configure:3875: checking for inttypes.h
configure:3896: gcc -c -g -O2  conftest.c >&5
configure:3902: $? = 0
configure:3918: result: yes
configure:3875: checking for stdint.h
configure:3896: gcc -c -g -O2  conftest.c >&5
configure:3902: $? = 0
configure:3918: result: yes
configure:3875: checking for unistd.h
configure:3896: gcc -c -g -O2  conftest.c >&5
configure:3902: $? = 0
configure:3918: result: yes
configure:3945: checking pthread.h usability
configure:3962: gcc -c -g -O2  conftest.c >&5
configure:3968: $? = 0
configure:3982: result: yes
configure:3986: checking pthread.h presence
configure:4001: gcc -E  conftest.c
configure:4007: $? = 0
configure:4021: result: yes
configure:4054: checking for pthread.h
configure:4062: result: yes
configure:4080: checking for strndup
configure:4136: gcc -o conftest -g -O2   conftest.c  >&5
conftest.c:44:6: warning: conflicting types for built-in function 'strndup'; expected 'char *(const char *, long unsigned int)' [-Wbuiltin-declaration-mismatch]
   44 | char strndup ();
      |      ^~~~~~~
configure:4142: $? = 0
configure:4160: result: yes
configure:4219: checking for gcc
configure:4246: result: gcc
configure:4484: checking for C compiler version
configure:4491: gcc --version >&5
gcc (Ubuntu 10.3.0-1ubuntu1) 10.3.0
Copyright (C) 2020 Free Software Foundation, Inc.
This is free software; see the source for copying conditions.  There is NO
warranty; not even for MERCHANTABILITY or FITNESS FOR A PARTICULAR PURPOSE.

configure:4494: $? = 0
configure:4501: gcc -v >&5
Using built-in specs.
COLLECT_GCC=gcc
COLLECT_LTO_WRAPPER=/usr/lib/gcc/x86_64-linux-gnu/10/lto-wrapper
OFFLOAD_TARGET_NAMES=nvptx-none:amdgcn-amdhsa:hsa
OFFLOAD_TARGET_DEFAULT=1
Target: x86_64-linux-gnu
Configured with: ../src/configure -v --with-pkgversion='Ubuntu 10.3.0-1ubuntu1' --with-bugurl=file:///usr/share/doc/gcc-10/README.Bugs --enable-languages=c,ada,c++,go,brig,d,fortran,objc,obj-c++,m2 --prefix=/usr --with-gcc-major-version-only --program-suffix=-10 --program-prefix=x86_64-linux-gnu- --enable-shared --enable-linker-build-id --libexecdir=/usr/lib --without-included-gettext --enable-threads=posix --libdir=/usr/lib --enable-nls --enable-bootstrap --enable-clocale=gnu --enable-libstdcxx-debug --enable-libstdcxx-time=yes --with-default-libstdcxx-abi=new --enable-gnu-unique-object --disable-vtable-verify --enable-plugin --enable-default-pie --with-system-zlib --enable-libphobos-checking=release --with-target-system-zlib=auto --enable-objc-gc=auto --enable-multiarch --disable-werror --with-arch-32=i686 --with-abi=m64 --with-multilib-list=m32,m64,mx32 --enable-multilib --with-tune=generic --enable-offload-targets=nvptx-none=/build/gcc-10-gDeRY6/gcc-10-10.3.0/debian/tmp-nvptx/usr,amdgcn-amdhsa=/build/gcc-10-gDeRY6/gcc-10-10.3.0/debian/tmp-gcn/usr,hsa --without-cuda-driver --enable-checking=release --build=x86_64-linux-gnu --host=x86_64-linux-gnu --target=x86_64-linux-gnu --with-build-config=bootstrap-lto-lean --enable-link-mutex
Thread model: posix
Supported LTO compression algorithms: zlib zstd
gcc version 10.3.0 (Ubuntu 10.3.0-1ubuntu1) 
configure:4504: $? = 0
configure:4511: gcc -V >&5
gcc: error: unrecognized command-line option '-V'
gcc: fatal error: no input files
compilation terminated.
configure:4514: $? = 1
configure:4517: checking whether we are using the GNU C compiler
configure:4569: result: yes
configure:4574: checking whether gcc accepts -g
configure:4709: result: yes
configure:4726: checking for gcc option to accept ISO C89
configure:4829: result: none needed
configure:4849: checking dependency style of gcc
configure:4939: result: gcc3
configure:5006: checking for pkg-config
configure:5024: found /usr/bin/pkg-config
configure:5036: result: /usr/bin/pkg-config
configure:5065: checking pkg-config is at least version 0.9.0
configure:5068: result: yes
configure:5079: checking for WDFS
configure:5087: $PKG_CONFIG --exists --print-errors "fuse >= 2.5.0  neon >= 0.24.7  glib-2.0"
configure:5090: $? = 0
configure:5105: $PKG_CONFIG --exists --print-errors "fuse >= 2.5.0  neon >= 0.24.7  glib-2.0"
configure:5108: $? = 0
configure:5184: result: yes
configure:5307: creating ./config.status

## ---------------------- ##
## Running config.status. ##
## ---------------------- ##

This file was extended by wdfs config.status 1.4.2, which was
generated by GNU Autoconf 2.61.  Invocation command line was

  CONFIG_FILES    = 
  CONFIG_HEADERS  = 
  CONFIG_LINKS    = 
  CONFIG_COMMANDS = 
  $ ./config.status 

on Bror

config.status:637: creating Makefile
config.status:637: creating src/Makefile
config.status:637: creating src/config.h
config.status:859: src/config.h is unchanged
config.status:905: executing depfiles commands

## ---------------- ##
## Cache variables. ##
## ---------------- ##

ac_cv_c_compiler_gnu=yes
ac_cv_env_CC_set=
ac_cv_env_CC_value=
ac_cv_env_CFLAGS_set=
ac_cv_env_CFLAGS_value=
ac_cv_env_CPPFLAGS_set=
ac_cv_env_CPPFLAGS_value=
ac_cv_env_CPP_set=
ac_cv_env_CPP_value=
ac_cv_env_LDFLAGS_set=
ac_cv_env_LDFLAGS_value=
ac_cv_env_LIBS_set=
ac_cv_env_LIBS_value=
ac_cv_env_PKG_CONFIG_set=
ac_cv_env_PKG_CONFIG_value=
ac_cv_env_WDFS_CFLAGS_set=
ac_cv_env_WDFS_CFLAGS_value=
ac_cv_env_WDFS_LIBS_set=
ac_cv_env_WDFS_LIBS_value=
ac_cv_env_build_alias_set=
ac_cv_env_build_alias_value=
ac_cv_env_host_alias_set=
ac_cv_env_host_alias_value=
ac_cv_env_target_alias_set=
ac_cv_env_target_alias_value=
ac_cv_func_strndup=yes
ac_cv_header_inttypes_h=yes
ac_cv_header_memory_h=yes
ac_cv_header_pthread_h=yes
ac_cv_header_stdc=yes
ac_cv_header_stdint_h=yes
ac_cv_header_stdlib_h=yes
ac_cv_header_string_h=yes
ac_cv_header_strings_h=yes
ac_cv_header_sys_stat_h=yes
ac_cv_header_sys_types_h=yes
ac_cv_header_unistd_h=yes
ac_cv_objext=o
ac_cv_path_EGREP='/usr/bin/grep -E'
ac_cv_path_GREP=/usr/bin/grep
ac_cv_path_ac_pt_PKG_CONFIG=/usr/bin/pkg-config
ac_cv_path_install='/usr/bin/install -c'
ac_cv_prog_AWK=mawk
ac_cv_prog_CPP='gcc -E'
ac_cv_prog_ac_ct_CC=gcc
ac_cv_prog_cc_c89=
ac_cv_prog_cc_g=yes
ac_cv_prog_make_make_set=yes
am_cv_CC_dependencies_compiler_type=gcc3
pkg_cv_WDFS_CFLAGS='-D_FILE_OFFSET_BITS=64 -I/usr/include/fuse -I/usr/include/neon -I/usr/include/glib-2.0 -I/usr/lib/x86_64-linux-gnu/glib-2.0/include'
pkg_cv_WDFS_LIBS='-lfuse -pthread -lneon -lglib-2.0'

## ----------------- ##
## Output variables. ##
## ----------------- ##

ACLOCAL='${SHELL} /home/bror/tech/uioScrape/src/wdfs-1.4.2/missing --run aclocal-1.9'
AMDEPBACKSLASH='\'
AMDEP_FALSE='#'
AMDEP_TRUE=''
AMTAR='${SHELL} /home/bror/tech/uioScrape/src/wdfs-1.4.2/missing --run tar'
AUTOCONF='${SHELL} /home/bror/tech/uioScrape/src/wdfs-1.4.2/missing --run autoconf'
AUTOHEADER='${SHELL} /home/bror/tech/uioScrape/src/wdfs-1.4.2/missing --run autoheader'
AUTOMAKE='${SHELL} /home/bror/tech/uioScrape/src/wdfs-1.4.2/missing --run automake-1.9'
AWK='mawk'
CC='gcc'
CCDEPMODE='depmode=gcc3'
CFLAGS='-g -O2 -D_FILE_OFFSET_BITS=64 -I/usr/include/fuse -I/usr/include/neon -I/usr/include/glib-2.0 -I/usr/lib/x86_64-linux-gnu/glib-2.0/include -Wall -D_GNU_SOURCE -D_REENTRANT'
CPP='gcc -E'
CPPFLAGS=''
CYGPATH_W='echo'
DEFS='-DHAVE_CONFIG_H'
DEPDIR='.deps'
ECHO_C=''
ECHO_N='-n'
ECHO_T=''
EGREP='/usr/bin/grep -E'
EXEEXT=''
GREP='/usr/bin/grep'
INSTALL_DATA='${INSTALL} -m 644'
INSTALL_PROGRAM='${INSTALL}'
INSTALL_SCRIPT='${INSTALL}'
INSTALL_STRIP_PROGRAM='${SHELL} $(install_sh) -c -s'
LDFLAGS=''
LIBOBJS=''
LIBS='-lfuse -pthread -lneon -lglib-2.0'
LTLIBOBJS=''
MAKEINFO='${SHELL} /home/bror/tech/uioScrape/src/wdfs-1.4.2/missing --run makeinfo'
OBJEXT='o'
PACKAGE='wdfs'
PACKAGE_BUGREPORT='noedler@web.de'
PACKAGE_NAME='wdfs'
PACKAGE_STRING='wdfs 1.4.2'
PACKAGE_TARNAME='wdfs'
PACKAGE_VERSION='1.4.2'
PATH_SEPARATOR=':'
PKG_CONFIG='/usr/bin/pkg-config'
SET_MAKE=''
SHELL='/bin/bash'
STRIP=''
VERSION='1.4.2'
WDFS_CFLAGS='-D_FILE_OFFSET_BITS=64 -I/usr/include/fuse -I/usr/include/neon -I/usr/include/glib-2.0 -I/usr/lib/x86_64-linux-gnu/glib-2.0/include'
WDFS_LIBS='-lfuse -pthread -lneon -lglib-2.0'
ac_ct_CC='gcc'
am__fastdepCC_FALSE='#'
am__fastdepCC_TRUE=''
am__include='include'
am__leading_dot='.'
am__quote=''
am__tar='${AMTAR} chof - "$$tardir"'
am__untar='${AMTAR} xf -'
bindir='${exec_prefix}/bin'
build_alias=''
datadir='${datarootdir}'
datarootdir='${prefix}/share'
docdir='${datarootdir}/doc/${PACKAGE_TARNAME}'
dvidir='${docdir}'
exec_prefix='${prefix}'
host_alias=''
htmldir='${docdir}'
includedir='${prefix}/include'
infodir='${datarootdir}/info'
install_sh='/home/bror/tech/uioScrape/src/wdfs-1.4.2/install-sh'
libdir='${exec_prefix}/lib'
libexecdir='${exec_prefix}/libexec'
localedir='${datarootdir}/locale'
localstatedir='${prefix}/var'
mandir='${datarootdir}/man'
mkdir_p='mkdir -p --'
oldincludedir='/usr/include'
pdfdir='${docdir}'
prefix='/usr/local'
program_transform_name='s,x,x,'
psdir='${docdir}'
sbindir='${exec_prefix}/sbin'
sharedstatedir='${prefix}/com'
sysconfdir='${prefix}/etc'
target_alias=''

## ----------- ##
## confdefs.h. ##
## ----------- ##

#define PACKAGE_NAME "wdfs"
#define PACKAGE_TARNAME "wdfs"
#define PACKAGE_VERSION "1.4.2"
#define PACKAGE_STRING "wdfs 1.4.2"
#define PACKAGE_BUGREPORT "noedler@web.de"
#define PACKAGE "wdfs"
#define VERSION "1.4.2"
#define STDC_HEADERS 1
#define HAVE_SYS_TYPES_H 1
#define HAVE_SYS_STAT_H 1
#define HAVE_STDLIB_H 1
#define HAVE_STRING_H 1
#define HAVE_MEMORY_H 1
#define HAVE_STRINGS_H 1
#define HAVE_INTTYPES_H 1
#define HAVE_STDINT_H 1
#define HAVE_UNISTD_H 1
#define HAVE_PTHREAD_H 1
#define HAVE_STRNDUP 1

configure: exit 0
